<?xml version="1.0" encoding="UTF-8"?>
<testsuite name="org.epam.math.service.CalculatorTest" tests="1" skipped="0" failures="0" errors="0" timestamp="2020-04-23T15:07:32" hostname="EPPLKATW0266" time="0.001">
  <properties/>
  <testcase name="shouldReturnTwoWhenSubtractThreeAndOne" classname="org.epam.math.service.CalculatorTest" time="0.001"/>
  <system-out><![CDATA[]]></system-out>
  <system-err><![CDATA[]]></system-err>
</testsuite>
